<?xml version="1.0" encoding="UTF-8"?>
<!-- Generated by org.testng.reporters.JUnitXMLReporter -->
<testsuite ignored="0" hostname="DESKTOP-45P36GI" failures="1" tests="2" name="My Swag Labs Tests" time="0.349" errors="0" timestamp="2022-01-20T23:01:21 EST">
  <testcase classname="com.qa.swaglabs.tests.LoginPageTest" name="@BeforeMethod setup" time="-1.642737680711E9">
    <failure type="org.testng.TestNGException" message="
Parameter &amp;apos;browser&amp;apos; is required by BeforeMethod on method setup but has not been marked @Optional or defined
in C:\Users\hites\eclipse-workspace\hybridframework\src\test\resources\TestRunners\testng_functional.xml">
      <![CDATA[org.testng.TestNGException: 
Parameter 'browser' is required by BeforeMethod on method setup but has not been marked @Optional or defined
in C:\Users\hites\eclipse-workspace\hybridframework\src\test\resources\TestRunners\testng_functional.xml
at java.base/java.util.ArrayList.forEach(ArrayList.java:1541)
... Removed 28 stack frames]]>
    </failure>
  </testcase> <!-- @BeforeMethod setup -->
  <testcase classname="com.qa.swaglabs.tests.LoginPageTest" name="verifyLoginPageTitleTest" time="0.0">
    <skipped/>
  </testcase> <!-- verifyLoginPageTitleTest -->
  <testcase classname="com.qa.swaglabs.tests.LoginPageTest" name="verifyLoginPageTitleTest" time="0.301">
    <failure type="java.lang.NullPointerException">
      <![CDATA[java.lang.NullPointerException
at com.qa.swaglabs.base.BasePage.getScreenshot(BasePage.java:89)
at com.qa.swaglabs.listeners.ExtentReportListener.onTestSkipped(ExtentReportListener.java:109)
at java.base/java.util.ArrayList.forEach(ArrayList.java:1541)
... Removed 25 stack frames]]>
    </failure>
  </testcase> <!-- verifyLoginPageTitleTest -->
</testsuite> <!-- My Swag Labs Tests -->
