<?xml version="1.0" encoding="UTF-8"?>
<!-- Generated by org.testng.reporters.JUnitXMLReporter -->
<testsuite ignored="0" hostname="DESKTOP-45P36GI" failures="0" tests="12" name="Default test" time="0.66" errors="0" timestamp="2022-01-20T22:47:42 EST">
  <testcase classname="com.qa.swaglabs.tests.LoginPageTest" name="@BeforeMethod setup" time="-1.642736862201E9">
    <failure type="org.testng.TestNGException" message="
Parameter &amp;apos;browser&amp;apos; is required by BeforeMethod on method setup but has not been marked @Optional or defined
in C:\Users\hites\AppData\Local\Temp\testng-eclipse-86846764\testng-customsuite.xml">
      <![CDATA[org.testng.TestNGException: 
Parameter 'browser' is required by BeforeMethod on method setup but has not been marked @Optional or defined
in C:\Users\hites\AppData\Local\Temp\testng-eclipse-86846764\testng-customsuite.xml
at org.testng.internal.Parameters.createParams(Parameters.java:270)
at org.testng.internal.Parameters.createParametersForMethod(Parameters.java:358)
at org.testng.internal.Parameters.createParameters(Parameters.java:700)
at org.testng.internal.Parameters.createConfigurationParameters(Parameters.java:168)
at org.testng.internal.ConfigInvoker.invokeConfigurations(ConfigInvoker.java:302)
at org.testng.internal.TestInvoker.runConfigMethods(TestInvoker.java:700)
at org.testng.internal.TestInvoker.invokeMethod(TestInvoker.java:527)
at org.testng.internal.TestInvoker.invokeTestMethod(TestInvoker.java:173)
at org.testng.internal.MethodRunner.runInSequence(MethodRunner.java:46)
at org.testng.internal.TestInvoker$MethodInvocationAgent.invoke(TestInvoker.java:824)
at org.testng.internal.TestInvoker.invokeTestMethods(TestInvoker.java:146)
at org.testng.internal.TestMethodWorker.invokeTestMethods(TestMethodWorker.java:146)
at org.testng.internal.TestMethodWorker.run(TestMethodWorker.java:128)
at java.base/java.util.ArrayList.forEach(ArrayList.java:1541)
at org.testng.TestRunner.privateRun(TestRunner.java:794)
at org.testng.TestRunner.run(TestRunner.java:596)
at org.testng.SuiteRunner.runTest(SuiteRunner.java:377)
at org.testng.SuiteRunner.runSequentially(SuiteRunner.java:371)
at org.testng.SuiteRunner.privateRun(SuiteRunner.java:332)
at org.testng.SuiteRunner.run(SuiteRunner.java:276)
at org.testng.SuiteRunnerWorker.runSuite(SuiteRunnerWorker.java:53)
at org.testng.SuiteRunnerWorker.run(SuiteRunnerWorker.java:96)
at org.testng.TestNG.runSuitesSequentially(TestNG.java:1212)
at org.testng.TestNG.runSuitesLocally(TestNG.java:1134)
at org.testng.TestNG.runSuites(TestNG.java:1063)
at org.testng.TestNG.run(TestNG.java:1031)
at org.testng.remote.AbstractRemoteTestNG.run(AbstractRemoteTestNG.java:115)
at org.testng.remote.RemoteTestNG.initAndRun(RemoteTestNG.java:251)
at org.testng.remote.RemoteTestNG.main(RemoteTestNG.java:77)
]]>
    </failure>
  </testcase> <!-- @BeforeMethod setup -->
  <testcase classname="com.qa.swaglabs.tests.LoginPageTest" name="@AfterMethod closeBrowser" time="-1.642736862513E9">
    <skipped/>
  </testcase> <!-- @AfterMethod closeBrowser -->
  <testcase classname="com.qa.swaglabs.tests.LoginPageTest" name="@BeforeMethod setup" time="-1.642736862529E9">
    <skipped/>
  </testcase> <!-- @BeforeMethod setup -->
  <testcase classname="com.qa.swaglabs.tests.LoginPageTest" name="@AfterMethod closeBrowser" time="-1.642736862542E9">
    <skipped/>
  </testcase> <!-- @AfterMethod closeBrowser -->
  <testcase classname="com.qa.swaglabs.tests.LoginPageTest" name="@BeforeMethod setup" time="-1.642736862545E9">
    <skipped/>
  </testcase> <!-- @BeforeMethod setup -->
  <testcase classname="com.qa.swaglabs.tests.LoginPageTest" name="@AfterMethod closeBrowser" time="-1.642736862556E9">
    <skipped/>
  </testcase> <!-- @AfterMethod closeBrowser -->
  <testcase classname="com.qa.swaglabs.tests.LoginPageTest" name="@BeforeMethod setup" time="-1.642736862566E9">
    <skipped/>
  </testcase> <!-- @BeforeMethod setup -->
  <testcase classname="com.qa.swaglabs.tests.LoginPageTest" name="@AfterMethod closeBrowser" time="-1.642736862577E9">
    <skipped/>
  </testcase> <!-- @AfterMethod closeBrowser -->
  <testcase classname="com.qa.swaglabs.tests.LoginPageTest" name="@BeforeMethod setup" time="-1.642736862581E9">
    <skipped/>
  </testcase> <!-- @BeforeMethod setup -->
  <testcase classname="com.qa.swaglabs.tests.LoginPageTest" name="@AfterMethod closeBrowser" time="-1.642736862591E9">
    <skipped/>
  </testcase> <!-- @AfterMethod closeBrowser -->
  <testcase classname="com.qa.swaglabs.tests.LoginPageTest" name="@BeforeMethod setup" time="-1.642736862594E9">
    <skipped/>
  </testcase> <!-- @BeforeMethod setup -->
  <testcase classname="com.qa.swaglabs.tests.LoginPageTest" name="@AfterMethod closeBrowser" time="-1.642736862603E9">
    <skipped/>
  </testcase> <!-- @AfterMethod closeBrowser -->
  <testcase classname="com.qa.swaglabs.tests.LoginPageTest" name="@BeforeMethod setup" time="-1.642736862605E9">
    <skipped/>
  </testcase> <!-- @BeforeMethod setup -->
  <testcase classname="com.qa.swaglabs.tests.LoginPageTest" name="@AfterMethod closeBrowser" time="-1.642736862613E9">
    <skipped/>
  </testcase> <!-- @AfterMethod closeBrowser -->
  <testcase classname="com.qa.swaglabs.tests.LoginPageTest" name="@BeforeMethod setup" time="-1.642736862615E9">
    <skipped/>
  </testcase> <!-- @BeforeMethod setup -->
  <testcase classname="com.qa.swaglabs.tests.LoginPageTest" name="@AfterMethod closeBrowser" time="-1.642736862622E9">
    <skipped/>
  </testcase> <!-- @AfterMethod closeBrowser -->
  <testcase classname="com.qa.swaglabs.tests.LoginPageTest" name="@BeforeMethod setup" time="-1.642736862626E9">
    <skipped/>
  </testcase> <!-- @BeforeMethod setup -->
  <testcase classname="com.qa.swaglabs.tests.LoginPageTest" name="@AfterMethod closeBrowser" time="-1.642736862735E9">
    <skipped/>
  </testcase> <!-- @AfterMethod closeBrowser -->
  <testcase classname="com.qa.swaglabs.tests.LoginPageTest" name="@BeforeMethod setup" time="-1.642736862738E9">
    <skipped/>
  </testcase> <!-- @BeforeMethod setup -->
  <testcase classname="com.qa.swaglabs.tests.LoginPageTest" name="@AfterMethod closeBrowser" time="-1.642736862748E9">
    <skipped/>
  </testcase> <!-- @AfterMethod closeBrowser -->
  <testcase classname="com.qa.swaglabs.tests.LoginPageTest" name="@BeforeMethod setup" time="-1.642736862752E9">
    <skipped/>
  </testcase> <!-- @BeforeMethod setup -->
  <testcase classname="com.qa.swaglabs.tests.LoginPageTest" name="@AfterMethod closeBrowser" time="-1.642736862762E9">
    <skipped/>
  </testcase> <!-- @AfterMethod closeBrowser -->
  <testcase classname="com.qa.swaglabs.tests.LoginPageTest" name="@BeforeMethod setup" time="-1.642736862765E9">
    <skipped/>
  </testcase> <!-- @BeforeMethod setup -->
  <testcase classname="com.qa.swaglabs.tests.LoginPageTest" name="@AfterMethod closeBrowser" time="-1.642736862772E9">
    <skipped/>
  </testcase> <!-- @AfterMethod closeBrowser -->
  <testcase classname="com.qa.swaglabs.tests.LoginPageTest" name="verifyLoginPageTitleTest" time="0.001">
    <skipped/>
  </testcase> <!-- verifyLoginPageTitleTest -->
  <testcase classname="com.qa.swaglabs.tests.LoginPageTest" name="verifyLoginPageHeaderLogoTest" time="0.0">
    <skipped/>
  </testcase> <!-- verifyLoginPageHeaderLogoTest -->
  <testcase classname="com.qa.swaglabs.tests.LoginPageTest" name="verifyLoginPageBotLogoTest" time="0.0">
    <skipped/>
  </testcase> <!-- verifyLoginPageBotLogoTest -->
  <testcase classname="com.qa.swaglabs.tests.LoginPageTest" name="invalidLoginTest" time="0.0">
    <skipped/>
  </testcase> <!-- invalidLoginTest -->
  <testcase classname="com.qa.swaglabs.tests.LoginPageTest" name="invalidLoginTest" time="0.0">
    <skipped/>
  </testcase> <!-- invalidLoginTest -->
  <testcase classname="com.qa.swaglabs.tests.LoginPageTest" name="invalidLoginTest" time="0.0">
    <skipped/>
  </testcase> <!-- invalidLoginTest -->
  <testcase classname="com.qa.swaglabs.tests.LoginPageTest" name="invalidLoginTest" time="0.0">
    <skipped/>
  </testcase> <!-- invalidLoginTest -->
  <testcase classname="com.qa.swaglabs.tests.LoginPageTest" name="invalidLoginTest" time="0.0">
    <skipped/>
  </testcase> <!-- invalidLoginTest -->
  <testcase classname="com.qa.swaglabs.tests.LoginPageTest" name="allAcceptedUserTest" time="0.0">
    <skipped/>
  </testcase> <!-- allAcceptedUserTest -->
  <testcase classname="com.qa.swaglabs.tests.LoginPageTest" name="allAcceptedUserTest" time="0.0">
    <skipped/>
  </testcase> <!-- allAcceptedUserTest -->
  <testcase classname="com.qa.swaglabs.tests.LoginPageTest" name="allAcceptedUserTest" time="0.0">
    <skipped/>
  </testcase> <!-- allAcceptedUserTest -->
  <testcase classname="com.qa.swaglabs.tests.LoginPageTest" name="loginTest" time="0.0">
    <skipped/>
  </testcase> <!-- loginTest -->
</testsuite> <!-- Default test -->
