<?xml version="1.0" encoding="UTF-8"?>
<testng-results ignored="0" total="12" passed="9" failed="3" skipped="0">
  <reporter-output>
  </reporter-output>
  <suite started-at="2022-01-21T00:07:00 EST" name="My Test Suite" finished-at="2022-01-21T00:07:42 EST" duration-ms="41983">
    <groups>
    </groups>
    <test started-at="2022-01-21T00:07:00 EST" name="My Swag Labs Tests" finished-at="2022-01-21T00:07:42 EST" duration-ms="41983">
      <class name="com.qa.swaglabs.tests.LoginPageTest">
        <test-method is-config="true" signature="setup()[pri:0, instance:com.qa.swaglabs.tests.LoginPageTest@35c12c7a]" started-at="2022-01-21T00:07:00 EST" name="setup" description="Setup Before Running Test" finished-at="2022-01-21T00:07:03 EST" duration-ms="3284" status="PASS">
          <reporter-output>
          </reporter-output>
        </test-method> <!-- setup -->
        <test-method signature="verifyLoginPageTitleTest()[pri:1, instance:com.qa.swaglabs.tests.LoginPageTest@35c12c7a]" started-at="2022-01-21T00:07:04 EST" name="verifyLoginPageTitleTest" description="Verify Login Page Title" finished-at="2022-01-21T00:07:04 EST" duration-ms="162" status="PASS">
          <reporter-output>
          </reporter-output>
        </test-method> <!-- verifyLoginPageTitleTest -->
        <test-method is-config="true" signature="closeBrowser()[pri:0, instance:com.qa.swaglabs.tests.LoginPageTest@35c12c7a]" started-at="2022-01-21T00:07:04 EST" name="closeBrowser" finished-at="2022-01-21T00:07:04 EST" duration-ms="651" status="PASS">
          <reporter-output>
          </reporter-output>
        </test-method> <!-- closeBrowser -->
        <test-method is-config="true" signature="setup()[pri:0, instance:com.qa.swaglabs.tests.LoginPageTest@35c12c7a]" started-at="2022-01-21T00:07:04 EST" name="setup" description="Setup Before Running Test" finished-at="2022-01-21T00:07:06 EST" duration-ms="1961" status="PASS">
          <reporter-output>
          </reporter-output>
        </test-method> <!-- setup -->
        <test-method signature="verifyLoginPageHeaderLogoTest()[pri:2, instance:com.qa.swaglabs.tests.LoginPageTest@35c12c7a]" started-at="2022-01-21T00:07:06 EST" name="verifyLoginPageHeaderLogoTest" description="Verify login page header logo is displayed" finished-at="2022-01-21T00:07:06 EST" duration-ms="69" status="PASS">
          <reporter-output>
          </reporter-output>
        </test-method> <!-- verifyLoginPageHeaderLogoTest -->
        <test-method is-config="true" signature="closeBrowser()[pri:0, instance:com.qa.swaglabs.tests.LoginPageTest@35c12c7a]" started-at="2022-01-21T00:07:07 EST" name="closeBrowser" finished-at="2022-01-21T00:07:07 EST" duration-ms="630" status="PASS">
          <reporter-output>
          </reporter-output>
        </test-method> <!-- closeBrowser -->
        <test-method is-config="true" signature="setup()[pri:0, instance:com.qa.swaglabs.tests.LoginPageTest@35c12c7a]" started-at="2022-01-21T00:07:07 EST" name="setup" description="Setup Before Running Test" finished-at="2022-01-21T00:07:09 EST" duration-ms="1991" status="PASS">
          <reporter-output>
          </reporter-output>
        </test-method> <!-- setup -->
        <test-method signature="verifyLoginPageBotLogoTest()[pri:3, instance:com.qa.swaglabs.tests.LoginPageTest@35c12c7a]" started-at="2022-01-21T00:07:09 EST" name="verifyLoginPageBotLogoTest" description="Verify login page bot logo is displayed" finished-at="2022-01-21T00:07:09 EST" duration-ms="72" status="PASS">
          <reporter-output>
          </reporter-output>
        </test-method> <!-- verifyLoginPageBotLogoTest -->
        <test-method is-config="true" signature="closeBrowser()[pri:0, instance:com.qa.swaglabs.tests.LoginPageTest@35c12c7a]" started-at="2022-01-21T00:07:09 EST" name="closeBrowser" finished-at="2022-01-21T00:07:10 EST" duration-ms="635" status="PASS">
          <reporter-output>
          </reporter-output>
        </test-method> <!-- closeBrowser -->
        <test-method is-config="true" signature="setup()[pri:0, instance:com.qa.swaglabs.tests.LoginPageTest@35c12c7a]" started-at="2022-01-21T00:07:10 EST" name="setup" description="Setup Before Running Test" finished-at="2022-01-21T00:07:12 EST" duration-ms="1658" status="PASS">
          <reporter-output>
          </reporter-output>
        </test-method> <!-- setup -->
        <test-method signature="invalidLoginTest(java.lang.String,java.lang.String)[pri:4, instance:com.qa.swaglabs.tests.LoginPageTest@35c12c7a]" started-at="2022-01-21T00:07:12 EST" name="invalidLoginTest" description="Verify Invalid Login" data-provider="getInvalidLoginData" finished-at="2022-01-21T00:07:12 EST" duration-ms="457" status="PASS">
          <params>
            <param index="0">
              <value>
                <![CDATA[test@gmail.com]]>
              </value>
            </param>
            <param index="1">
              <value>
                <![CDATA[test11]]>
              </value>
            </param>
          </params>
          <reporter-output>
          </reporter-output>
        </test-method> <!-- invalidLoginTest -->
        <test-method is-config="true" signature="closeBrowser()[pri:0, instance:com.qa.swaglabs.tests.LoginPageTest@35c12c7a]" started-at="2022-01-21T00:07:12 EST" name="closeBrowser" finished-at="2022-01-21T00:07:13 EST" duration-ms="642" status="PASS">
          <reporter-output>
          </reporter-output>
        </test-method> <!-- closeBrowser -->
        <test-method is-config="true" signature="setup()[pri:0, instance:com.qa.swaglabs.tests.LoginPageTest@35c12c7a]" started-at="2022-01-21T00:07:13 EST" name="setup" description="Setup Before Running Test" finished-at="2022-01-21T00:07:14 EST" duration-ms="1646" status="PASS">
          <reporter-output>
          </reporter-output>
        </test-method> <!-- setup -->
        <test-method signature="invalidLoginTest(java.lang.String,java.lang.String)[pri:4, instance:com.qa.swaglabs.tests.LoginPageTest@35c12c7a]" started-at="2022-01-21T00:07:14 EST" name="invalidLoginTest" description="Verify Invalid Login" data-provider="getInvalidLoginData" finished-at="2022-01-21T00:07:15 EST" duration-ms="414" status="PASS">
          <params>
            <param index="0">
              <value>
                <![CDATA[test@gmail.com]]>
              </value>
            </param>
            <param index="1">
              <value>
                <![CDATA[]]>
              </value>
            </param>
          </params>
          <reporter-output>
          </reporter-output>
        </test-method> <!-- invalidLoginTest -->
        <test-method is-config="true" signature="closeBrowser()[pri:0, instance:com.qa.swaglabs.tests.LoginPageTest@35c12c7a]" started-at="2022-01-21T00:07:15 EST" name="closeBrowser" finished-at="2022-01-21T00:07:15 EST" duration-ms="635" status="PASS">
          <reporter-output>
          </reporter-output>
        </test-method> <!-- closeBrowser -->
        <test-method is-config="true" signature="setup()[pri:0, instance:com.qa.swaglabs.tests.LoginPageTest@35c12c7a]" started-at="2022-01-21T00:07:15 EST" name="setup" description="Setup Before Running Test" finished-at="2022-01-21T00:07:17 EST" duration-ms="1650" status="PASS">
          <reporter-output>
          </reporter-output>
        </test-method> <!-- setup -->
        <test-method signature="invalidLoginTest(java.lang.String,java.lang.String)[pri:4, instance:com.qa.swaglabs.tests.LoginPageTest@35c12c7a]" started-at="2022-01-21T00:07:17 EST" name="invalidLoginTest" description="Verify Invalid Login" data-provider="getInvalidLoginData" finished-at="2022-01-21T00:07:17 EST" duration-ms="393" status="PASS">
          <params>
            <param index="0">
              <value>
                <![CDATA[]]>
              </value>
            </param>
            <param index="1">
              <value>
                <![CDATA[test]]>
              </value>
            </param>
          </params>
          <reporter-output>
          </reporter-output>
        </test-method> <!-- invalidLoginTest -->
        <test-method is-config="true" signature="closeBrowser()[pri:0, instance:com.qa.swaglabs.tests.LoginPageTest@35c12c7a]" started-at="2022-01-21T00:07:17 EST" name="closeBrowser" finished-at="2022-01-21T00:07:18 EST" duration-ms="633" status="PASS">
          <reporter-output>
          </reporter-output>
        </test-method> <!-- closeBrowser -->
        <test-method is-config="true" signature="setup()[pri:0, instance:com.qa.swaglabs.tests.LoginPageTest@35c12c7a]" started-at="2022-01-21T00:07:18 EST" name="setup" description="Setup Before Running Test" finished-at="2022-01-21T00:07:20 EST" duration-ms="1665" status="PASS">
          <reporter-output>
          </reporter-output>
        </test-method> <!-- setup -->
        <test-method signature="invalidLoginTest(java.lang.String,java.lang.String)[pri:4, instance:com.qa.swaglabs.tests.LoginPageTest@35c12c7a]" started-at="2022-01-21T00:07:20 EST" name="invalidLoginTest" description="Verify Invalid Login" data-provider="getInvalidLoginData" finished-at="2022-01-21T00:07:20 EST" duration-ms="394" status="PASS">
          <params>
            <param index="0">
              <value>
                <![CDATA[test]]>
              </value>
            </param>
            <param index="1">
              <value>
                <![CDATA[test]]>
              </value>
            </param>
          </params>
          <reporter-output>
          </reporter-output>
        </test-method> <!-- invalidLoginTest -->
        <test-method is-config="true" signature="closeBrowser()[pri:0, instance:com.qa.swaglabs.tests.LoginPageTest@35c12c7a]" started-at="2022-01-21T00:07:20 EST" name="closeBrowser" finished-at="2022-01-21T00:07:21 EST" duration-ms="625" status="PASS">
          <reporter-output>
          </reporter-output>
        </test-method> <!-- closeBrowser -->
        <test-method is-config="true" signature="setup()[pri:0, instance:com.qa.swaglabs.tests.LoginPageTest@35c12c7a]" started-at="2022-01-21T00:07:21 EST" name="setup" description="Setup Before Running Test" finished-at="2022-01-21T00:07:22 EST" duration-ms="1699" status="PASS">
          <reporter-output>
          </reporter-output>
        </test-method> <!-- setup -->
        <test-method signature="invalidLoginTest(java.lang.String,java.lang.String)[pri:4, instance:com.qa.swaglabs.tests.LoginPageTest@35c12c7a]" started-at="2022-01-21T00:07:22 EST" name="invalidLoginTest" description="Verify Invalid Login" data-provider="getInvalidLoginData" finished-at="2022-01-21T00:07:23 EST" duration-ms="374" status="PASS">
          <params>
            <param index="0">
              <value>
                <![CDATA[ ]]>
              </value>
            </param>
            <param index="1">
              <value>
                <![CDATA[ ]]>
              </value>
            </param>
          </params>
          <reporter-output>
          </reporter-output>
        </test-method> <!-- invalidLoginTest -->
        <test-method is-config="true" signature="closeBrowser()[pri:0, instance:com.qa.swaglabs.tests.LoginPageTest@35c12c7a]" started-at="2022-01-21T00:07:23 EST" name="closeBrowser" finished-at="2022-01-21T00:07:23 EST" duration-ms="633" status="PASS">
          <reporter-output>
          </reporter-output>
        </test-method> <!-- closeBrowser -->
        <test-method is-config="true" signature="setup()[pri:0, instance:com.qa.swaglabs.tests.LoginPageTest@35c12c7a]" started-at="2022-01-21T00:07:24 EST" name="setup" description="Setup Before Running Test" finished-at="2022-01-21T00:07:25 EST" duration-ms="1630" status="PASS">
          <reporter-output>
          </reporter-output>
        </test-method> <!-- setup -->
        <test-method signature="allAcceptedUserTest(java.lang.String,java.lang.String)[pri:5, instance:com.qa.swaglabs.tests.LoginPageTest@35c12c7a]" started-at="2022-01-21T00:07:25 EST" name="allAcceptedUserTest" description="Verify login for accepted users" data-provider="getAcceptedUsernames" finished-at="2022-01-21T00:07:26 EST" duration-ms="396" status="PASS">
          <params>
            <param index="0">
              <value>
                <![CDATA[locked_out_user]]>
              </value>
            </param>
            <param index="1">
              <value>
                <![CDATA[secret_sauce]]>
              </value>
            </param>
          </params>
          <reporter-output>
          </reporter-output>
        </test-method> <!-- allAcceptedUserTest -->
        <test-method is-config="true" signature="closeBrowser()[pri:0, instance:com.qa.swaglabs.tests.LoginPageTest@35c12c7a]" started-at="2022-01-21T00:07:26 EST" name="closeBrowser" finished-at="2022-01-21T00:07:26 EST" duration-ms="639" status="PASS">
          <reporter-output>
          </reporter-output>
        </test-method> <!-- closeBrowser -->
        <test-method is-config="true" signature="setup()[pri:0, instance:com.qa.swaglabs.tests.LoginPageTest@35c12c7a]" started-at="2022-01-21T00:07:26 EST" name="setup" description="Setup Before Running Test" finished-at="2022-01-21T00:07:28 EST" duration-ms="1774" status="PASS">
          <reporter-output>
          </reporter-output>
        </test-method> <!-- setup -->
        <test-method signature="allAcceptedUserTest(java.lang.String,java.lang.String)[pri:5, instance:com.qa.swaglabs.tests.LoginPageTest@35c12c7a]" started-at="2022-01-21T00:07:28 EST" name="allAcceptedUserTest" description="Verify login for accepted users" data-provider="getAcceptedUsernames" finished-at="2022-01-21T00:07:28 EST" duration-ms="409" status="FAIL">
          <params>
            <param index="0">
              <value>
                <![CDATA[problem_user]]>
              </value>
            </param>
            <param index="1">
              <value>
                <![CDATA[secret_sauce]]>
              </value>
            </param>
          </params>
          <exception class="java.lang.AssertionError">
            <message>
              <![CDATA[expected [PRODUCT] but found [PRODUCTS]]]>
            </message>
            <full-stacktrace>
              <![CDATA[java.lang.AssertionError: expected [PRODUCT] but found [PRODUCTS]
at org.testng.Assert.fail(Assert.java:99)
at org.testng.Assert.failNotEquals(Assert.java:1037)
at org.testng.Assert.assertEqualsImpl(Assert.java:140)
at org.testng.Assert.assertEquals(Assert.java:122)
at org.testng.Assert.assertEquals(Assert.java:629)
at org.testng.Assert.assertEquals(Assert.java:639)
at com.qa.swaglabs.tests.LoginPageTest.allAcceptedUserTest(LoginPageTest.java:132)
at java.base/jdk.internal.reflect.NativeMethodAccessorImpl.invoke0(Native Method)
at java.base/jdk.internal.reflect.NativeMethodAccessorImpl.invoke(NativeMethodAccessorImpl.java:62)
at java.base/jdk.internal.reflect.DelegatingMethodAccessorImpl.invoke(DelegatingMethodAccessorImpl.java:43)
at java.base/java.lang.reflect.Method.invoke(Method.java:566)
at org.testng.internal.MethodInvocationHelper.invokeMethod(MethodInvocationHelper.java:133)
at org.testng.internal.TestInvoker.invokeMethod(TestInvoker.java:598)
at org.testng.internal.TestInvoker.invokeTestMethod(TestInvoker.java:173)
at org.testng.internal.MethodRunner.runInSequence(MethodRunner.java:46)
at org.testng.internal.TestInvoker$MethodInvocationAgent.invoke(TestInvoker.java:824)
at org.testng.internal.TestInvoker.invokeTestMethods(TestInvoker.java:146)
at org.testng.internal.TestMethodWorker.invokeTestMethods(TestMethodWorker.java:146)
at org.testng.internal.TestMethodWorker.run(TestMethodWorker.java:128)
at java.base/java.util.ArrayList.forEach(ArrayList.java:1541)
at org.testng.TestRunner.privateRun(TestRunner.java:794)
at org.testng.TestRunner.run(TestRunner.java:596)
at org.testng.SuiteRunner.runTest(SuiteRunner.java:377)
at org.testng.SuiteRunner.runSequentially(SuiteRunner.java:371)
at org.testng.SuiteRunner.privateRun(SuiteRunner.java:332)
at org.testng.SuiteRunner.run(SuiteRunner.java:276)
at org.testng.SuiteRunnerWorker.runSuite(SuiteRunnerWorker.java:53)
at org.testng.SuiteRunnerWorker.run(SuiteRunnerWorker.java:96)
at org.testng.TestNG.runSuitesSequentially(TestNG.java:1212)
at org.testng.TestNG.runSuitesLocally(TestNG.java:1134)
at org.testng.TestNG.runSuites(TestNG.java:1063)
at org.testng.TestNG.run(TestNG.java:1031)
at org.testng.remote.AbstractRemoteTestNG.run(AbstractRemoteTestNG.java:115)
at org.testng.remote.RemoteTestNG.initAndRun(RemoteTestNG.java:251)
at org.testng.remote.RemoteTestNG.main(RemoteTestNG.java:77)
]]>
            </full-stacktrace>
          </exception> <!-- java.lang.AssertionError -->
          <reporter-output>
          </reporter-output>
        </test-method> <!-- allAcceptedUserTest -->
        <test-method is-config="true" signature="closeBrowser()[pri:0, instance:com.qa.swaglabs.tests.LoginPageTest@35c12c7a]" started-at="2022-01-21T00:07:29 EST" name="closeBrowser" finished-at="2022-01-21T00:07:30 EST" duration-ms="633" status="PASS">
          <reporter-output>
          </reporter-output>
        </test-method> <!-- closeBrowser -->
        <test-method is-config="true" signature="setup()[pri:0, instance:com.qa.swaglabs.tests.LoginPageTest@35c12c7a]" started-at="2022-01-21T00:07:30 EST" name="setup" description="Setup Before Running Test" finished-at="2022-01-21T00:07:31 EST" duration-ms="1607" status="PASS">
          <reporter-output>
          </reporter-output>
        </test-method> <!-- setup -->
        <test-method signature="allAcceptedUserTest(java.lang.String,java.lang.String)[pri:5, instance:com.qa.swaglabs.tests.LoginPageTest@35c12c7a]" started-at="2022-01-21T00:07:31 EST" name="allAcceptedUserTest" description="Verify login for accepted users" data-provider="getAcceptedUsernames" finished-at="2022-01-21T00:07:37 EST" duration-ms="5572" status="FAIL">
          <params>
            <param index="0">
              <value>
                <![CDATA[performance_glitch_user]]>
              </value>
            </param>
            <param index="1">
              <value>
                <![CDATA[secret_sauce]]>
              </value>
            </param>
          </params>
          <exception class="java.lang.AssertionError">
            <message>
              <![CDATA[expected [PRODUCT] but found [PRODUCTS]]]>
            </message>
            <full-stacktrace>
              <![CDATA[java.lang.AssertionError: expected [PRODUCT] but found [PRODUCTS]
at org.testng.Assert.fail(Assert.java:99)
at org.testng.Assert.failNotEquals(Assert.java:1037)
at org.testng.Assert.assertEqualsImpl(Assert.java:140)
at org.testng.Assert.assertEquals(Assert.java:122)
at org.testng.Assert.assertEquals(Assert.java:629)
at org.testng.Assert.assertEquals(Assert.java:639)
at com.qa.swaglabs.tests.LoginPageTest.allAcceptedUserTest(LoginPageTest.java:127)
at java.base/jdk.internal.reflect.NativeMethodAccessorImpl.invoke0(Native Method)
at java.base/jdk.internal.reflect.NativeMethodAccessorImpl.invoke(NativeMethodAccessorImpl.java:62)
at java.base/jdk.internal.reflect.DelegatingMethodAccessorImpl.invoke(DelegatingMethodAccessorImpl.java:43)
at java.base/java.lang.reflect.Method.invoke(Method.java:566)
at org.testng.internal.MethodInvocationHelper.invokeMethod(MethodInvocationHelper.java:133)
at org.testng.internal.TestInvoker.invokeMethod(TestInvoker.java:598)
at org.testng.internal.TestInvoker.invokeTestMethod(TestInvoker.java:173)
at org.testng.internal.MethodRunner.runInSequence(MethodRunner.java:46)
at org.testng.internal.TestInvoker$MethodInvocationAgent.invoke(TestInvoker.java:824)
at org.testng.internal.TestInvoker.invokeTestMethods(TestInvoker.java:146)
at org.testng.internal.TestMethodWorker.invokeTestMethods(TestMethodWorker.java:146)
at org.testng.internal.TestMethodWorker.run(TestMethodWorker.java:128)
at java.base/java.util.ArrayList.forEach(ArrayList.java:1541)
at org.testng.TestRunner.privateRun(TestRunner.java:794)
at org.testng.TestRunner.run(TestRunner.java:596)
at org.testng.SuiteRunner.runTest(SuiteRunner.java:377)
at org.testng.SuiteRunner.runSequentially(SuiteRunner.java:371)
at org.testng.SuiteRunner.privateRun(SuiteRunner.java:332)
at org.testng.SuiteRunner.run(SuiteRunner.java:276)
at org.testng.SuiteRunnerWorker.runSuite(SuiteRunnerWorker.java:53)
at org.testng.SuiteRunnerWorker.run(SuiteRunnerWorker.java:96)
at org.testng.TestNG.runSuitesSequentially(TestNG.java:1212)
at org.testng.TestNG.runSuitesLocally(TestNG.java:1134)
at org.testng.TestNG.runSuites(TestNG.java:1063)
at org.testng.TestNG.run(TestNG.java:1031)
at org.testng.remote.AbstractRemoteTestNG.run(AbstractRemoteTestNG.java:115)
at org.testng.remote.RemoteTestNG.initAndRun(RemoteTestNG.java:251)
at org.testng.remote.RemoteTestNG.main(RemoteTestNG.java:77)
]]>
            </full-stacktrace>
          </exception> <!-- java.lang.AssertionError -->
          <reporter-output>
          </reporter-output>
        </test-method> <!-- allAcceptedUserTest -->
        <test-method is-config="true" signature="closeBrowser()[pri:0, instance:com.qa.swaglabs.tests.LoginPageTest@35c12c7a]" started-at="2022-01-21T00:07:38 EST" name="closeBrowser" finished-at="2022-01-21T00:07:38 EST" duration-ms="634" status="PASS">
          <reporter-output>
          </reporter-output>
        </test-method> <!-- closeBrowser -->
        <test-method is-config="true" signature="setup()[pri:0, instance:com.qa.swaglabs.tests.LoginPageTest@35c12c7a]" started-at="2022-01-21T00:07:38 EST" name="setup" description="Setup Before Running Test" finished-at="2022-01-21T00:07:40 EST" duration-ms="1616" status="PASS">
          <reporter-output>
          </reporter-output>
        </test-method> <!-- setup -->
        <test-method signature="loginTest()[pri:6, instance:com.qa.swaglabs.tests.LoginPageTest@35c12c7a]" started-at="2022-01-21T00:07:40 EST" name="loginTest" description="Verify login for standard users" finished-at="2022-01-21T00:07:41 EST" duration-ms="572" status="FAIL">
          <exception class="java.lang.AssertionError">
            <message>
              <![CDATA[expected [PRODUCT] but found [PRODUCTS]]]>
            </message>
            <full-stacktrace>
              <![CDATA[java.lang.AssertionError: expected [PRODUCT] but found [PRODUCTS]
at org.testng.Assert.fail(Assert.java:99)
at org.testng.Assert.failNotEquals(Assert.java:1037)
at org.testng.Assert.assertEqualsImpl(Assert.java:140)
at org.testng.Assert.assertEquals(Assert.java:122)
at org.testng.Assert.assertEquals(Assert.java:629)
at org.testng.Assert.assertEquals(Assert.java:639)
at com.qa.swaglabs.tests.LoginPageTest.loginTest(LoginPageTest.java:87)
at java.base/jdk.internal.reflect.NativeMethodAccessorImpl.invoke0(Native Method)
at java.base/jdk.internal.reflect.NativeMethodAccessorImpl.invoke(NativeMethodAccessorImpl.java:62)
at java.base/jdk.internal.reflect.DelegatingMethodAccessorImpl.invoke(DelegatingMethodAccessorImpl.java:43)
at java.base/java.lang.reflect.Method.invoke(Method.java:566)
at org.testng.internal.MethodInvocationHelper.invokeMethod(MethodInvocationHelper.java:133)
at org.testng.internal.TestInvoker.invokeMethod(TestInvoker.java:598)
at org.testng.internal.TestInvoker.invokeTestMethod(TestInvoker.java:173)
at org.testng.internal.MethodRunner.runInSequence(MethodRunner.java:46)
at org.testng.internal.TestInvoker$MethodInvocationAgent.invoke(TestInvoker.java:824)
at org.testng.internal.TestInvoker.invokeTestMethods(TestInvoker.java:146)
at org.testng.internal.TestMethodWorker.invokeTestMethods(TestMethodWorker.java:146)
at org.testng.internal.TestMethodWorker.run(TestMethodWorker.java:128)
at java.base/java.util.ArrayList.forEach(ArrayList.java:1541)
at org.testng.TestRunner.privateRun(TestRunner.java:794)
at org.testng.TestRunner.run(TestRunner.java:596)
at org.testng.SuiteRunner.runTest(SuiteRunner.java:377)
at org.testng.SuiteRunner.runSequentially(SuiteRunner.java:371)
at org.testng.SuiteRunner.privateRun(SuiteRunner.java:332)
at org.testng.SuiteRunner.run(SuiteRunner.java:276)
at org.testng.SuiteRunnerWorker.runSuite(SuiteRunnerWorker.java:53)
at org.testng.SuiteRunnerWorker.run(SuiteRunnerWorker.java:96)
at org.testng.TestNG.runSuitesSequentially(TestNG.java:1212)
at org.testng.TestNG.runSuitesLocally(TestNG.java:1134)
at org.testng.TestNG.runSuites(TestNG.java:1063)
at org.testng.TestNG.run(TestNG.java:1031)
at org.testng.remote.AbstractRemoteTestNG.run(AbstractRemoteTestNG.java:115)
at org.testng.remote.RemoteTestNG.initAndRun(RemoteTestNG.java:251)
at org.testng.remote.RemoteTestNG.main(RemoteTestNG.java:77)
]]>
            </full-stacktrace>
          </exception> <!-- java.lang.AssertionError -->
          <reporter-output>
          </reporter-output>
        </test-method> <!-- loginTest -->
        <test-method is-config="true" signature="closeBrowser()[pri:0, instance:com.qa.swaglabs.tests.LoginPageTest@35c12c7a]" started-at="2022-01-21T00:07:41 EST" name="closeBrowser" finished-at="2022-01-21T00:07:42 EST" duration-ms="637" status="PASS">
          <reporter-output>
          </reporter-output>
        </test-method> <!-- closeBrowser -->
      </class> <!-- com.qa.swaglabs.tests.LoginPageTest -->
    </test> <!-- My Swag Labs Tests -->
  </suite> <!-- My Test Suite -->
</testng-results>
